2025-04-30 02:05:31 [INFO] ChatController initializing for user=null
2025-04-30 02:05:41 [INFO] ChatController initializing for user=null
2025-04-30 02:06:09 [INFO] Starting UDPPeer on port 8
2025-04-30 02:06:09 [INFO] UDP client started on port 8
2025-04-30 02:06:10 [INFO] Stopping UDPPeer
2025-04-30 02:06:10 [INFO] Starting UDPPeer on port 8
2025-04-30 02:06:10 [INFO] UDP client started on port 8
2025-04-30 02:06:24 [INFO] Starting UDPPeer on port 9
2025-04-30 02:06:24 [INFO] UDP client started on port 9
2025-04-30 02:06:53 [INFO] User sending message: kaka

2025-04-30 02:06:53 [INFO] Sending message to 192.168.1.10:9 – content=kaka

2025-04-30 16:21:20 [INFO] ChatController initializing for user=null
2025-04-30 16:21:27 [INFO] ChatController initializing for user=null
2025-04-30 16:21:43 [INFO] ChatController initializing for user=null
2025-04-30 16:22:02 [INFO] Starting UDPPeer on port 5
2025-04-30 16:22:02 [INFO] UDP client started on port 5
2025-04-30 16:22:06 [INFO] Starting UDPPeer on port 6
2025-04-30 16:22:06 [INFO] UDP client started on port 6
2025-04-30 16:32:02 [INFO] ChatController initializing for user=null
2025-04-30 16:32:06 [INFO] ChatController initializing for user=null
2025-04-30 16:32:20 [INFO] Starting UDPPeer on port 8
2025-04-30 16:32:20 [INFO] UDP client started on port 8
2025-04-30 16:32:27 [INFO] Starting UDPPeer on port 9
2025-04-30 16:32:27 [INFO] UDP client started on port 9
2025-04-30 16:39:57 [INFO] ChatController initializing for user=null
2025-04-30 16:40:02 [INFO] ChatController initializing for user=null
2025-04-30 16:40:20 [INFO] Starting UDPPeer on port 9
2025-04-30 16:40:20 [INFO] UDP client started on port 9
2025-04-30 16:40:31 [INFO] Starting UDPPeer on port 8
2025-04-30 16:40:31 [INFO] UDP client started on port 8
2025-04-30 16:48:21 [INFO] ChatController initializing for user=null
2025-04-30 16:48:26 [INFO] ChatController initializing for user=null
2025-04-30 16:48:45 [INFO] Starting UDPPeer on port 8
2025-04-30 16:48:45 [INFO] UDP client started on port 8
2025-04-30 16:48:50 [INFO] Starting UDPPeer on port 9
2025-04-30 16:48:50 [INFO] UDP client started on port 9
2025-04-30 16:51:13 [INFO] ChatController initializing for user=null
2025-04-30 16:51:29 [INFO] Starting UDPPeer on port 4
2025-04-30 16:51:29 [INFO] UDP client started on port 4
2025-04-30 16:51:39 [INFO] ChatController initializing for user=null
2025-04-30 16:51:53 [INFO] Starting UDPPeer on port 10
2025-04-30 16:51:53 [INFO] UDP client started on port 10
2025-04-30 16:54:39 [INFO] ChatController initializing for user=null
2025-04-30 16:54:52 [INFO] Starting UDPPeer on port 7
2025-04-30 16:54:52 [INFO] UDP client started on port 7
2025-04-30 16:55:41 [INFO] ChatController initializing for user=null
2025-04-30 16:55:49 [INFO] Starting UDPPeer on port 4
2025-04-30 16:55:49 [INFO] UDP client started on port 4
2025-04-30 17:04:16 [INFO] ChatController initializing for user=null
2025-04-30 17:04:32 [INFO] Starting UDPPeer on port 88
2025-04-30 17:04:32 [INFO] UDP client started on port 88
2025-04-30 17:04:42 [INFO] ChatController initializing for user=null
2025-04-30 17:04:56 [INFO] Starting UDPPeer on port 7
2025-04-30 17:04:56 [INFO] UDP client started on port 7
2025-04-30 17:52:37 [INFO] ChatController initializing for user=null
2025-04-30 17:52:49 [INFO] ChatController initializing for user=null
2025-04-30 17:53:10 [INFO] Starting UDPPeer on port 8
2025-04-30 17:53:10 [INFO] UDP client started on port 8
2025-04-30 17:53:15 [INFO] Starting UDPPeer on port 7
2025-04-30 17:53:15 [INFO] UDP client started on port 7
